<?xml version="1.0" encoding="utf-8"?><testsuites name="pytest tests"><testsuite name="pytest" errors="0" failures="0" skipped="0" tests="17" time="41.889" timestamp="2026-02-22T19:20:08.831370+00:00" hostname="agent-env-5e22edba-0fa3-4dd2-b30c-24017c067625"><testcase classname="tests.test_deepfake_api.TestAuth" name="test_01_register_user" time="0.473" /><testcase classname="tests.test_deepfake_api.TestAuth" name="test_02_login_user" time="0.391" /><testcase classname="tests.test_deepfake_api.TestAuth" name="test_03_get_me" time="0.184" /><testcase classname="tests.test_deepfake_api.TestAuth" name="test_04_invalid_login" time="0.208" /><testcase classname="tests.test_deepfake_api.TestImageUpload" name="test_01_upload_image" time="11.430" /><testcase classname="tests.test_deepfake_api.TestImageUpload" name="test_02_get_image_analysis" time="0.168" /><testcase classname="tests.test_deepfake_api.TestVideoUpload" name="test_01_upload_video" time="14.022" /><testcase classname="tests.test_deepfake_api.TestVideoUpload" name="test_02_get_video_analysis" time="0.136" /><testcase classname="tests.test_deepfake_api.TestAudioUpload" name="test_01_upload_audio" time="12.781" /><testcase classname="tests.test_deepfake_api.TestAudioUpload" name="test_02_get_audio_analysis" time="0.211" /><testcase classname="tests.test_deepfake_api.TestAnalysisHistory" name="test_01_get_history" time="0.248" /><testcase classname="tests.test_deepfake_api.TestStats" name="test_01_get_stats" time="0.132" /><testcase classname="tests.test_deepfake_api.TestPDFReport" name="test_01_pdf_report_video" time="0.515" /><testcase classname="tests.test_deepfake_api.TestPDFReport" name="test_02_pdf_report_audio" time="0.157" /><testcase classname="tests.test_deepfake_api.TestShareLink" name="test_01_create_share_link" time="0.186" /><testcase classname="tests.test_deepfake_api.TestShareLink" name="test_02_access_shared_analysis" time="0.156" /><testcase classname="tests.test_deepfake_api.TestDeleteAnalysis" name="test_01_delete_image_analysis" time="0.266" /></testsuite></testsuites>